  main.cpp
  PhysicsClient.cpp
  PhysicsDirect.cpp
  SharedMemoryCommandProcessor.cpp
  PhysicsClientC_API.cpp
  Win32SharedMemory.cpp
  PosixSharedMemory.cpp
  b3ResourcePath.cpp
  b3Clock.cpp
c:\users\jack\desktop\uni stuff\2nd year\220\bsc-live-coding\libraries\bullet3-2.87\examples\thirdpartylibs\clsocket\src\SimpleSocket.h(463): warning C4996: 'inet_ntoa': Use inet_ntop() or InetNtop() instead or define _WINSOCK_DEPRECATED_NO_WARNINGS to disable deprecated API warnings (compiling source file ..\..\examples\SharedMemory\tcp\main.cpp)
  C:\Program Files (x86)\Windows Kits\8.1\Include\um\winsock2.h(1868): note: see declaration of 'inet_ntoa' (compiling source file ..\..\examples\SharedMemory\tcp\main.cpp)
c:\users\jack\desktop\uni stuff\2nd year\220\bsc-live-coding\libraries\bullet3-2.87\examples\thirdpartylibs\clsocket\src\SimpleSocket.h(475): warning C4996: 'inet_ntoa': Use inet_ntop() or InetNtop() instead or define _WINSOCK_DEPRECATED_NO_WARNINGS to disable deprecated API warnings (compiling source file ..\..\examples\SharedMemory\tcp\main.cpp)
  C:\Program Files (x86)\Windows Kits\8.1\Include\um\winsock2.h(1868): note: see declaration of 'inet_ntoa' (compiling source file ..\..\examples\SharedMemory\tcp\main.cpp)
C:\Program Files (x86)\Microsoft Visual Studio\2017\Community\VC\Tools\MSVC\14.10.25017\include\stdint.h(56): warning C4005: 'UINT8_MAX': macro redefinition (compiling source file ..\..\examples\SharedMemory\tcp\main.cpp)
  c:\users\jack\desktop\uni stuff\2nd year\220\bsc-live-coding\libraries\bullet3-2.87\examples\thirdpartylibs\clsocket\src\Host.h(108): note: see previous definition of 'UINT8_MAX' (compiling source file ..\..\examples\SharedMemory\tcp\main.cpp)
C:\Program Files (x86)\Microsoft Visual Studio\2017\Community\VC\Tools\MSVC\14.10.25017\include\stdint.h(57): warning C4005: 'UINT16_MAX': macro redefinition (compiling source file ..\..\examples\SharedMemory\tcp\main.cpp)
  c:\users\jack\desktop\uni stuff\2nd year\220\bsc-live-coding\libraries\bullet3-2.87\examples\thirdpartylibs\clsocket\src\Host.h(111): note: see previous definition of 'UINT16_MAX' (compiling source file ..\..\examples\SharedMemory\tcp\main.cpp)
C:\Program Files (x86)\Microsoft Visual Studio\2017\Community\VC\Tools\MSVC\14.10.25017\include\stdint.h(58): warning C4005: 'UINT32_MAX': macro redefinition (compiling source file ..\..\examples\SharedMemory\tcp\main.cpp)
  c:\users\jack\desktop\uni stuff\2nd year\220\bsc-live-coding\libraries\bullet3-2.87\examples\thirdpartylibs\clsocket\src\Host.h(114): note: see previous definition of 'UINT32_MAX' (compiling source file ..\..\examples\SharedMemory\tcp\main.cpp)
C:\Users\Jack\Desktop\Uni Stuff\2nd Year\220\bsc-live-coding\Libraries\bullet3-2.87\src\Bullet3Common/b3CommandLineArgs.h(92): warning C4996: 'strcpy': This function or variable may be unsafe. Consider using strcpy_s instead. To disable deprecation, use _CRT_SECURE_NO_WARNINGS. See online help for details. (compiling source file ..\..\examples\SharedMemory\tcp\main.cpp)
  C:\Program Files (x86)\Windows Kits\10\Include\10.0.10240.0\ucrt\string.h(119): note: see declaration of 'strcpy' (compiling source file ..\..\examples\SharedMemory\tcp\main.cpp)
     Creating library ..\..\bin\App_PhysicsServerSharedMemoryBridgeTCP_vs2010_x64_debug.lib and object ..\..\bin\App_PhysicsServerSharedMemoryBridgeTCP_vs2010_x64_debug.exp
  App_PhysicsServerSharedMemoryBridgeTCP.vcxproj -> C:\Users\Jack\Desktop\Uni Stuff\2nd Year\220\bsc-live-coding\Libraries\bullet3-2.87\build3\vs2010\..\..\bin\App_PhysicsServerSharedMemoryBridgeTCP_vs2010_x64_debug.exe
  App_PhysicsServerSharedMemoryBridgeTCP.vcxproj -> ..\..\bin\App_PhysicsServerSharedMemoryBridgeTCP_vs2010_x64_debug.pdb (Partial PDB)
