  clew.c
  b3GpuGridBroadphase.cpp
  b3GpuParallelLinearBvh.cpp
  b3GpuParallelLinearBvhBroadphase.cpp
  b3GpuSapBroadphase.cpp
  b3OpenCLUtils.cpp
  b3ContactCache.cpp
  b3ConvexHullContact.cpp
  b3GjkEpa.cpp
  b3OptimizedBvh.cpp
  b3QuantizedBvh.cpp
  b3StridingMeshInterface.cpp
  b3TriangleCallback.cpp
  b3TriangleIndexVertexArray.cpp
  b3VoronoiSimplexSolver.cpp
  b3BoundSearchCL.cpp
  b3FillCL.cpp
  b3LauncherCL.cpp
  b3PrefixScanCL.cpp
  b3PrefixScanFloat4CL.cpp
  b3RadixSort32CL.cpp
  b3GpuRaycast.cpp
  b3GpuGenericConstraint.cpp
  b3GpuJacobiContactSolver.cpp
  b3GpuNarrowPhase.cpp
  b3GpuPgsConstraintSolver.cpp
  b3GpuPgsContactSolver.cpp
  b3GpuRigidBodyPipeline.cpp
  b3Solver.cpp
  Bullet3OpenCL_clew.vcxproj -> C:\Users\Jack\Desktop\Uni Stuff\2nd Year\220\bsc-live-coding\Libraries\bullet3-2.87\build3\vs2010\..\..\bin\Bullet3OpenCL_clew_vs2010_x64_debug.lib
